e:\m\kookm\4-1\urop\work\dre_samplebyte\dre_samplebyte\debug\vc120.pdb
e:\m\kookm\4-1\urop\work\dre_samplebyte\dre_samplebyte\debug\vc120.idb
e:\m\kookm\4-1\urop\work\dre_samplebyte\dre_samplebyte\debug\main.obj
e:\m\kookm\4-1\urop\work\dre_samplebyte\dre_samplebyte\debug\pcaket_info.obj
e:\m\kookm\4-1\urop\work\dre_samplebyte\dre_samplebyte\debug\dre_nomal.obj
e:\m\kookm\4-1\urop\work\dre_samplebyte\dre_samplebyte\debug\dre_normal.obj
e:\m\kookm\4-1\urop\work\dre_samplebyte\dre_samplebyte\debug\dre_samplebyte.obj
e:\m\kookm\4-1\urop\work\dre_samplebyte\debug\dre_samplebyte.ilk
e:\m\kookm\4-1\urop\work\dre_samplebyte\debug\dre_samplebyte.exe
e:\m\kookm\4-1\urop\work\dre_samplebyte\debug\dre_samplebyte.pdb
e:\m\kookm\4-1\urop\work\dre_samplebyte\dre_samplebyte\debug\dre_samplebyte.tlog\cl.command.1.tlog
e:\m\kookm\4-1\urop\work\dre_samplebyte\dre_samplebyte\debug\dre_samplebyte.tlog\cl.read.1.tlog
e:\m\kookm\4-1\urop\work\dre_samplebyte\dre_samplebyte\debug\dre_samplebyte.tlog\cl.write.1.tlog
e:\m\kookm\4-1\urop\work\dre_samplebyte\dre_samplebyte\debug\dre_samplebyte.tlog\link-cvtres.read.1.tlog
e:\m\kookm\4-1\urop\work\dre_samplebyte\dre_samplebyte\debug\dre_samplebyte.tlog\link-cvtres.write.1.tlog
e:\m\kookm\4-1\urop\work\dre_samplebyte\dre_samplebyte\debug\dre_samplebyte.tlog\link-rc.read.1.tlog
e:\m\kookm\4-1\urop\work\dre_samplebyte\dre_samplebyte\debug\dre_samplebyte.tlog\link-rc.write.1.tlog
e:\m\kookm\4-1\urop\work\dre_samplebyte\dre_samplebyte\debug\dre_samplebyte.tlog\link.3728-cvtres.read.1.tlog
e:\m\kookm\4-1\urop\work\dre_samplebyte\dre_samplebyte\debug\dre_samplebyte.tlog\link.3728-cvtres.write.1.tlog
e:\m\kookm\4-1\urop\work\dre_samplebyte\dre_samplebyte\debug\dre_samplebyte.tlog\link.3728-rc.read.1.tlog
e:\m\kookm\4-1\urop\work\dre_samplebyte\dre_samplebyte\debug\dre_samplebyte.tlog\link.3728-rc.write.1.tlog
e:\m\kookm\4-1\urop\work\dre_samplebyte\dre_samplebyte\debug\dre_samplebyte.tlog\link.3728.read.1.tlog
e:\m\kookm\4-1\urop\work\dre_samplebyte\dre_samplebyte\debug\dre_samplebyte.tlog\link.3728.write.1.tlog
e:\m\kookm\4-1\urop\work\dre_samplebyte\dre_samplebyte\debug\dre_samplebyte.tlog\link.command.1.tlog
e:\m\kookm\4-1\urop\work\dre_samplebyte\dre_samplebyte\debug\dre_samplebyte.tlog\link.read.1.tlog
e:\m\kookm\4-1\urop\work\dre_samplebyte\dre_samplebyte\debug\dre_samplebyte.tlog\link.write.1.tlog
